<?xml version="1.0" encoding="UTF-8"?>
<!-- Generated by org.testng.reporters.JUnitReportReporter -->
<testsuite skipped="0" hostname="Gokulnath" name="runner.GoogleTestRunner" tests="1" failures="0" timestamp="2023-07-24T03:01:21 CDT" time="10.876" errors="0">
  <testcase name="runScenario" time="10.876" classname="runner.GoogleTestRunner"/>
  <system-out/>
</testsuite> <!-- runner.GoogleTestRunner -->
