<?xml version="1.0" encoding="UTF-8"?>
<!-- Generated by org.testng.reporters.JUnitReportReporter -->
<testsuite skipped="0" hostname="Gokulnath" name="testScripts.SampleFourTest" tests="4" failures="0" timestamp="2023-07-18T23:48:33 CDT" time="0.025" errors="0">
  <testcase name="testFour" time="0.017" classname="testScripts.SampleFourTest"/>
  <system-out/>
  <testcase name="testThree" time="0.002" classname="testScripts.SampleFourTest"/>
  <system-out/>
  <testcase name="testTwo" time="0.003" classname="testScripts.SampleFourTest"/>
  <system-out/>
  <testcase name="testOne" time="0.003" classname="testScripts.SampleFourTest"/>
  <system-out/>
</testsuite> <!-- testScripts.SampleFourTest -->
