<?xml version="1.0" encoding="UTF-8"?>
<!-- Generated by org.testng.reporters.JUnitReportReporter -->
<testsuite skipped="0" hostname="Gokulnath" name="parallelScripts.SampleOneTest" tests="10" failures="0" timestamp="2023-07-18T02:54:41 CDT" time="0.081" errors="0">
  <testcase name="testTwo" time="0.002" classname="parallelScripts.SampleOneTest"/>
  <system-out/>
  <testcase name="testOne" time="0.016" classname="parallelScripts.SampleOneTest"/>
  <system-out/>
  <testcase name="testTwo" time="0.009" classname="parallelScripts.SampleOneTest"/>
  <system-out/>
  <testcase name="testTwo" time="0.009" classname="parallelScripts.SampleOneTest"/>
  <system-out/>
  <testcase name="testTwo" time="0.009" classname="parallelScripts.SampleOneTest"/>
  <system-out/>
  <testcase name="testTwo" time="0.010" classname="parallelScripts.SampleOneTest"/>
  <system-out/>
  <testcase name="testThree" time="0.002" classname="parallelScripts.SampleOneTest"/>
  <system-out/>
  <testcase name="testTwo" time="0.004" classname="parallelScripts.SampleOneTest"/>
  <system-out/>
  <testcase name="testTwo" time="0.008" classname="parallelScripts.SampleOneTest"/>
  <system-out/>
  <testcase name="testTwo" time="0.012" classname="parallelScripts.SampleOneTest"/>
  <system-out/>
</testsuite> <!-- parallelScripts.SampleOneTest -->
