<?xml version="1.0" encoding="UTF-8"?>
<!-- Generated by org.testng.reporters.JUnitReportReporter -->
<testsuite skipped="0" hostname="Gokulnath" name="testScripts.SampleThreeTest" tests="4" failures="0" timestamp="2023-07-18T23:42:12 CDT" time="0.024" errors="0">
  <testcase name="testFour" time="0.019" classname="testScripts.SampleThreeTest"/>
  <system-out/>
  <testcase name="testThree" time="0.001" classname="testScripts.SampleThreeTest"/>
  <system-out/>
  <testcase name="testTwo" time="0.002" classname="testScripts.SampleThreeTest"/>
  <system-out/>
  <testcase name="testOne" time="0.002" classname="testScripts.SampleThreeTest"/>
  <system-out/>
</testsuite> <!-- testScripts.SampleThreeTest -->
