<?xml version="1.0" encoding="UTF-8"?>
<!-- Generated by org.testng.reporters.JUnitReportReporter -->
<testsuite skipped="0" hostname="Gokulnath" name="testScripts.SampleFourTest" tests="1" failures="0" timestamp="2023-07-18T01:52:46 CDT" time="0.002" errors="0">
  <testcase name="testOne" time="0.002" classname="testScripts.SampleFourTest"/>
  <system-out/>
</testsuite> <!-- testScripts.SampleFourTest -->
