<?xml version="1.0" encoding="UTF-8"?>
<!-- Generated by org.testng.reporters.JUnitReportReporter -->
<testsuite skipped="0" hostname="Gokulnath" name="testScripts.CdpDevtools" tests="1" failures="0" timestamp="2023-07-21T01:02:25 CDT" time="4.557" errors="0">
  <testcase name="basicAuthTest" time="4.557" classname="testScripts.CdpDevtools"/>
  <system-out/>
</testsuite> <!-- testScripts.CdpDevtools -->
