<?xml version="1.0" encoding="UTF-8"?>
<!-- Generated by org.testng.reporters.JUnitReportReporter -->
<testsuite skipped="0" hostname="Gokulnath" name="parallelScripts.SampleTwoTest" tests="3" failures="0" timestamp="2023-07-18T23:50:22 CDT" time="0.026" errors="0">
  <testcase name="testOne" time="0.021" classname="parallelScripts.SampleTwoTest"/>
  <system-out/>
  <testcase name="testTwo" time="0.003" classname="parallelScripts.SampleTwoTest"/>
  <system-out/>
  <testcase name="testThree" time="0.002" classname="parallelScripts.SampleTwoTest"/>
  <system-out/>
</testsuite> <!-- parallelScripts.SampleTwoTest -->
