<?xml version="1.0" encoding="UTF-8"?>
<!-- Generated by org.testng.reporters.JUnitReportReporter -->
<testsuite skipped="0" hostname="Gokulnath" name="testScripts.GooglePageTest" tests="3" failures="0" timestamp="2023-07-18T01:50:47 CDT" time="45.046" errors="0">
  <testcase name="gitSearchTest" time="24.301" classname="testScripts.GooglePageTest"/>
  <system-out/>
  <testcase name="javaSearchTest" time="8.703" classname="testScripts.GooglePageTest"/>
  <system-out/>
  <testcase name="appiumSearchTest" time="12.042" classname="testScripts.GooglePageTest"/>
  <system-out/>
</testsuite> <!-- testScripts.GooglePageTest -->
