<?xml version="1.0" encoding="UTF-8"?>
<!-- Generated by org.testng.reporters.JUnitReportReporter -->
<testsuite skipped="0" hostname="Gokulnath" name="testScripts.GooglePageTest" tests="3" failures="0" timestamp="2023-07-18T01:04:06 CDT" time="53.153" errors="0">
  <testcase name="gitSearchTest" time="26.389" classname="testScripts.GooglePageTest"/>
  <system-out/>
  <testcase name="javaSearchTest" time="6.543" classname="testScripts.GooglePageTest"/>
  <system-out/>
  <testcase name="appiumSearchTest" time="20.221" classname="testScripts.GooglePageTest"/>
  <system-out/>
</testsuite> <!-- testScripts.GooglePageTest -->
