<?xml version="1.0" encoding="UTF-8"?>
<!-- Generated by org.testng.reporters.JUnitReportReporter -->
<testsuite skipped="0" hostname="Gokulnath" name="parallelScripts.SampleThreeTest" tests="3" failures="0" timestamp="2023-07-18T02:52:27 CDT" time="0.004" errors="0">
  <testcase name="testThree" time="0.001" classname="parallelScripts.SampleThreeTest"/>
  <system-out/>
  <testcase name="testTwo" time="0.001" classname="parallelScripts.SampleThreeTest"/>
  <system-out/>
  <testcase name="testOne" time="0.002" classname="parallelScripts.SampleThreeTest"/>
  <system-out/>
</testsuite> <!-- parallelScripts.SampleThreeTest -->
